<?xml version="1.0" encoding="UTF-8"?>
<!-- Generated by org.testng.reporters.JUnitXMLReporter -->
<testsuite ignored="0" hostname="DESKTOP-1P5CU94" failures="1" tests="5" name="Salesforce" time="45.239" errors="0" timestamp="2024-09-19T20:27:32 GMT-05:00">
  <testcase classname="com.training.testcase.AccountTest" name="verifycreateaccount" time="13.694"/>
  <testcase classname="com.training.testcase.AccountTest" name="verifycreatenewview" time="7.728"/>
  <testcase classname="com.training.testcase.AccountTest" name="verifyeditnewview" time="3.814">
    <failure type="org.openqa.selenium.NoSuchElementException" message="Cannot locate element with text: Akshara1
For documentation on this error, please visit: https://www.seleniumhq.org/exceptions/no_such_element.html
Build info: version: &amp;apos;3.141.59&amp;apos;, revision: &amp;apos;e82be7d358&amp;apos;, time: &amp;apos;2018-11-14T08:17:03&amp;apos;
System info: host: &amp;apos;DESKTOP-1P5CU94&amp;apos;, ip: &amp;apos;192.168.1.208&amp;apos;, os.name: &amp;apos;Windows 10&amp;apos;, os.arch: &amp;apos;amd64&amp;apos;, os.version: &amp;apos;10.0&amp;apos;, java.version: &amp;apos;16.0.1&amp;apos;
Driver info: driver.version: unknown">
      <![CDATA[org.openqa.selenium.NoSuchElementException: Cannot locate element with text: Akshara1
For documentation on this error, please visit: https://www.seleniumhq.org/exceptions/no_such_element.html
Build info: version: '3.141.59', revision: 'e82be7d358', time: '2018-11-14T08:17:03'
System info: host: 'DESKTOP-1P5CU94', ip: '192.168.1.208', os.name: 'Windows 10', os.arch: 'amd64', os.version: '10.0', java.version: '16.0.1'
Driver info: driver.version: unknown
at org.openqa.selenium.support.ui.Select.selectByVisibleText(Select.java:147)
at com.training.pages.AccountPage.editview(AccountPage.java:186)
at com.training.testcase.AccountTest.verifyeditnewview(AccountTest.java:76)
at java.base/java.util.ArrayList.forEach(ArrayList.java:1511)
... Removed 30 stack frames]]>
    </failure>
  </testcase> <!-- verifyeditnewview -->
  <testcase classname="com.training.testcase.AccountTest" name="verifylastactivity" time="9.46"/>
  <testcase classname="com.training.testcase.AccountTest" name="verifymergeaccount" time="8.649"/>
</testsuite> <!-- Salesforce -->
