<?xml version="1.0" encoding="UTF-8"?>
<testng-results ignored="0" total="9" passed="7" failed="2" skipped="0">
  <reporter-output>
  </reporter-output>
  <suite started-at="2024-09-19T20:26:25 GMT-05:00" name="Automation" finished-at="2024-09-19T20:26:46 GMT-05:00" duration-ms="20934">
    <groups>
    </groups>
    <test started-at="2024-09-19T20:26:25 GMT-05:00" name="Salesforce" finished-at="2024-09-19T20:26:46 GMT-05:00" duration-ms="20934">
      <class name="com.training.testcase.LoginTest">
        <test-method is-config="true" signature="beforemethod()[pri:0, instance:com.training.testcase.LoginTest@65f095f8]" started-at="2024-09-19T20:26:25 GMT-05:00" name="beforemethod" finished-at="2024-09-19T20:26:27 GMT-05:00" duration-ms="1880" status="PASS">
          <reporter-output>
          </reporter-output>
        </test-method> <!-- beforemethod -->
        <test-method signature="verifyLoginError(java.lang.String)[pri:1, instance:com.training.testcase.LoginTest@65f095f8]" started-at="2024-09-19T20:26:27 GMT-05:00" name="verifyLoginError" finished-at="2024-09-19T20:26:29 GMT-05:00" duration-ms="1979" status="FAIL">
          <params>
            <param index="0">
              <value>
                <![CDATA[preethi@rcb.com]]>
              </value>
            </param>
          </params>
          <exception class="java.lang.Exception">
            <message>
              <![CDATA[Skip execution]]>
            </message>
            <full-stacktrace>
              <![CDATA[java.lang.Exception: Skip execution
at com.training.pages.LoginPage.error(LoginPage.java:85)
at com.training.testcase.LoginTest.verifyLoginError(LoginTest.java:37)
at java.base/jdk.internal.reflect.NativeMethodAccessorImpl.invoke0(Native Method)
at java.base/jdk.internal.reflect.NativeMethodAccessorImpl.invoke(NativeMethodAccessorImpl.java:78)
at java.base/jdk.internal.reflect.DelegatingMethodAccessorImpl.invoke(DelegatingMethodAccessorImpl.java:43)
at java.base/java.lang.reflect.Method.invoke(Method.java:567)
at org.testng.internal.invokers.MethodInvocationHelper.invokeMethod(MethodInvocationHelper.java:141)
at org.testng.internal.invokers.TestInvoker.invokeMethod(TestInvoker.java:686)
at org.testng.internal.invokers.TestInvoker.invokeTestMethod(TestInvoker.java:230)
at org.testng.internal.invokers.MethodRunner.runInSequence(MethodRunner.java:63)
at org.testng.internal.invokers.TestInvoker$MethodInvocationAgent.invoke(TestInvoker.java:992)
at org.testng.internal.invokers.TestInvoker.invokeTestMethods(TestInvoker.java:203)
at org.testng.internal.invokers.TestMethodWorker.invokeTestMethods(TestMethodWorker.java:154)
at org.testng.internal.invokers.TestMethodWorker.run(TestMethodWorker.java:134)
at java.base/java.util.ArrayList.forEach(ArrayList.java:1511)
at org.testng.TestRunner.privateRun(TestRunner.java:739)
at org.testng.TestRunner.run(TestRunner.java:614)
at org.testng.SuiteRunner.runTest(SuiteRunner.java:421)
at org.testng.SuiteRunner.runSequentially(SuiteRunner.java:413)
at org.testng.SuiteRunner.privateRun(SuiteRunner.java:373)
at org.testng.SuiteRunner.run(SuiteRunner.java:312)
at org.testng.SuiteRunnerWorker.runSuite(SuiteRunnerWorker.java:52)
at org.testng.SuiteRunnerWorker.run(SuiteRunnerWorker.java:95)
at org.testng.TestNG.runSuitesSequentially(TestNG.java:1274)
at org.testng.TestNG.runSuitesLocally(TestNG.java:1208)
at org.testng.TestNG.runSuites(TestNG.java:1112)
at org.testng.TestNG.run(TestNG.java:1079)
at org.apache.maven.surefire.testng.TestNGExecutor.run(TestNGExecutor.java:281)
at org.apache.maven.surefire.testng.TestNGXmlTestSuite.execute(TestNGXmlTestSuite.java:75)
at org.apache.maven.surefire.testng.TestNGProvider.invoke(TestNGProvider.java:121)
at org.apache.maven.surefire.booter.ForkedBooter.invokeProviderInSameClassLoader(ForkedBooter.java:290)
at org.apache.maven.surefire.booter.ForkedBooter.runSuitesInProcess(ForkedBooter.java:242)
at org.apache.maven.surefire.booter.ForkedBooter.main(ForkedBooter.java:121)
]]>
            </full-stacktrace>
          </exception> <!-- java.lang.Exception -->
          <reporter-output>
          </reporter-output>
        </test-method> <!-- verifyLoginError -->
        <test-method is-config="true" signature="teardown()[pri:0, instance:com.training.testcase.LoginTest@65f095f8]" started-at="2024-09-19T20:26:29 GMT-05:00" name="teardown" finished-at="2024-09-19T20:26:30 GMT-05:00" duration-ms="420" status="PASS">
          <reporter-output>
          </reporter-output>
        </test-method> <!-- teardown -->
        <test-method is-config="true" signature="beforemethod()[pri:0, instance:com.training.testcase.LoginTest@65f095f8]" started-at="2024-09-19T20:26:30 GMT-05:00" name="beforemethod" finished-at="2024-09-19T20:26:31 GMT-05:00" duration-ms="1385" status="PASS">
          <reporter-output>
          </reporter-output>
        </test-method> <!-- beforemethod -->
        <test-method signature="verifylogintosaleforce(java.lang.String,java.lang.String)[pri:2, instance:com.training.testcase.LoginTest@65f095f8]" started-at="2024-09-19T20:26:31 GMT-05:00" name="verifylogintosaleforce" finished-at="2024-09-19T20:26:34 GMT-05:00" duration-ms="2464" status="PASS">
          <params>
            <param index="0">
              <value>
                <![CDATA[preethi@rcb.com]]>
              </value>
            </param>
            <param index="1">
              <value>
                <![CDATA[Vik@s123]]>
              </value>
            </param>
          </params>
          <reporter-output>
          </reporter-output>
        </test-method> <!-- verifylogintosaleforce -->
        <test-method is-config="true" signature="teardown()[pri:0, instance:com.training.testcase.LoginTest@65f095f8]" started-at="2024-09-19T20:26:34 GMT-05:00" name="teardown" finished-at="2024-09-19T20:26:38 GMT-05:00" duration-ms="3915" status="PASS">
          <reporter-output>
          </reporter-output>
        </test-method> <!-- teardown -->
        <test-method is-config="true" signature="beforemethod()[pri:0, instance:com.training.testcase.LoginTest@65f095f8]" started-at="2024-09-19T20:26:38 GMT-05:00" name="beforemethod" finished-at="2024-09-19T20:26:39 GMT-05:00" duration-ms="1301" status="PASS">
          <reporter-output>
          </reporter-output>
        </test-method> <!-- beforemethod -->
        <test-method signature="verifyrememberuser(java.lang.String,java.lang.String)[pri:3, instance:com.training.testcase.LoginTest@65f095f8]" started-at="2024-09-19T20:26:39 GMT-05:00" name="verifyrememberuser" finished-at="2024-09-19T20:26:44 GMT-05:00" duration-ms="5119" status="PASS">
          <params>
            <param index="0">
              <value>
                <![CDATA[preethi@rcb.com]]>
              </value>
            </param>
            <param index="1">
              <value>
                <![CDATA[Vik@s123]]>
              </value>
            </param>
          </params>
          <reporter-output>
          </reporter-output>
        </test-method> <!-- verifyrememberuser -->
        <test-method is-config="true" signature="teardown()[pri:0, instance:com.training.testcase.LoginTest@65f095f8]" started-at="2024-09-19T20:26:44 GMT-05:00" name="teardown" finished-at="2024-09-19T20:26:44 GMT-05:00" duration-ms="224" status="PASS">
          <reporter-output>
          </reporter-output>
        </test-method> <!-- teardown -->
        <test-method is-config="true" signature="beforemethod()[pri:0, instance:com.training.testcase.LoginTest@65f095f8]" started-at="2024-09-19T20:26:44 GMT-05:00" name="beforemethod" finished-at="2024-09-19T20:26:45 GMT-05:00" duration-ms="1204" status="PASS">
          <reporter-output>
          </reporter-output>
        </test-method> <!-- beforemethod -->
        <test-method signature="validateloginerror()[pri:4, instance:com.training.testcase.LoginTest@65f095f8]" started-at="2024-09-19T20:26:45 GMT-05:00" name="validateloginerror" finished-at="2024-09-19T20:26:46 GMT-05:00" duration-ms="770" status="PASS">
          <reporter-output>
          </reporter-output>
        </test-method> <!-- validateloginerror -->
        <test-method is-config="true" signature="teardown()[pri:0, instance:com.training.testcase.LoginTest@65f095f8]" started-at="2024-09-19T20:26:46 GMT-05:00" name="teardown" finished-at="2024-09-19T20:26:46 GMT-05:00" duration-ms="211" status="PASS">
          <reporter-output>
          </reporter-output>
        </test-method> <!-- teardown -->
      </class> <!-- com.training.testcase.LoginTest -->
    </test> <!-- Salesforce -->
  </suite> <!-- Automation -->
  <suite started-at="2024-09-19T20:26:47 GMT-05:00" name="Automation (0)" finished-at="2024-09-19T20:27:32 GMT-05:00" duration-ms="45239">
    <groups>
    </groups>
    <test started-at="2024-09-19T20:26:47 GMT-05:00" name="Salesforce" finished-at="2024-09-19T20:27:32 GMT-05:00" duration-ms="45239">
      <class name="com.training.testcase.AccountTest">
        <test-method is-config="true" signature="beforemethod()[pri:0, instance:com.training.testcase.AccountTest@611889f4]" started-at="2024-09-19T20:26:47 GMT-05:00" name="beforemethod" finished-at="2024-09-19T20:26:48 GMT-05:00" duration-ms="1198" status="PASS">
          <reporter-output>
          </reporter-output>
        </test-method> <!-- beforemethod -->
        <test-method signature="verifycreateaccount(java.lang.String,java.lang.String)[pri:0, instance:com.training.testcase.AccountTest@611889f4]" started-at="2024-09-19T20:26:48 GMT-05:00" name="verifycreateaccount" finished-at="2024-09-19T20:27:02 GMT-05:00" duration-ms="13694" status="PASS">
          <params>
            <param index="0">
              <value>
                <![CDATA[preethi@rcb.com]]>
              </value>
            </param>
            <param index="1">
              <value>
                <![CDATA[Vik@s123]]>
              </value>
            </param>
          </params>
          <reporter-output>
          </reporter-output>
        </test-method> <!-- verifycreateaccount -->
        <test-method is-config="true" signature="beforemethod()[pri:0, instance:com.training.testcase.AccountTest@611889f4]" started-at="2024-09-19T20:27:02 GMT-05:00" name="beforemethod" finished-at="2024-09-19T20:27:02 GMT-05:00" duration-ms="289" status="PASS">
          <reporter-output>
          </reporter-output>
        </test-method> <!-- beforemethod -->
        <test-method signature="verifycreatenewview(java.lang.String,java.lang.String)[pri:0, instance:com.training.testcase.AccountTest@611889f4]" started-at="2024-09-19T20:27:02 GMT-05:00" name="verifycreatenewview" finished-at="2024-09-19T20:27:10 GMT-05:00" duration-ms="7728" status="PASS">
          <params>
            <param index="0">
              <value>
                <![CDATA[preethi@rcb.com]]>
              </value>
            </param>
            <param index="1">
              <value>
                <![CDATA[Vik@s123]]>
              </value>
            </param>
          </params>
          <reporter-output>
          </reporter-output>
        </test-method> <!-- verifycreatenewview -->
        <test-method is-config="true" signature="beforemethod()[pri:0, instance:com.training.testcase.AccountTest@611889f4]" started-at="2024-09-19T20:27:10 GMT-05:00" name="beforemethod" finished-at="2024-09-19T20:27:10 GMT-05:00" duration-ms="102" status="PASS">
          <reporter-output>
          </reporter-output>
        </test-method> <!-- beforemethod -->
        <test-method signature="verifyeditnewview(java.lang.String,java.lang.String)[pri:0, instance:com.training.testcase.AccountTest@611889f4]" started-at="2024-09-19T20:27:10 GMT-05:00" name="verifyeditnewview" finished-at="2024-09-19T20:27:14 GMT-05:00" duration-ms="3814" status="FAIL">
          <params>
            <param index="0">
              <value>
                <![CDATA[preethi@rcb.com]]>
              </value>
            </param>
            <param index="1">
              <value>
                <![CDATA[Vik@s123]]>
              </value>
            </param>
          </params>
          <exception class="org.openqa.selenium.NoSuchElementException">
            <message>
              <![CDATA[Cannot locate element with text: Akshara1
For documentation on this error, please visit: https://www.seleniumhq.org/exceptions/no_such_element.html
Build info: version: '3.141.59', revision: 'e82be7d358', time: '2018-11-14T08:17:03'
System info: host: 'DESKTOP-1P5CU94', ip: '192.168.1.208', os.name: 'Windows 10', os.arch: 'amd64', os.version: '10.0', java.version: '16.0.1'
Driver info: driver.version: unknown]]>
            </message>
            <full-stacktrace>
              <![CDATA[org.openqa.selenium.NoSuchElementException: Cannot locate element with text: Akshara1
For documentation on this error, please visit: https://www.seleniumhq.org/exceptions/no_such_element.html
Build info: version: '3.141.59', revision: 'e82be7d358', time: '2018-11-14T08:17:03'
System info: host: 'DESKTOP-1P5CU94', ip: '192.168.1.208', os.name: 'Windows 10', os.arch: 'amd64', os.version: '10.0', java.version: '16.0.1'
Driver info: driver.version: unknown
at org.openqa.selenium.support.ui.Select.selectByVisibleText(Select.java:147)
at com.training.pages.AccountPage.editview(AccountPage.java:186)
at com.training.testcase.AccountTest.verifyeditnewview(AccountTest.java:76)
at java.base/jdk.internal.reflect.NativeMethodAccessorImpl.invoke0(Native Method)
at java.base/jdk.internal.reflect.NativeMethodAccessorImpl.invoke(NativeMethodAccessorImpl.java:78)
at java.base/jdk.internal.reflect.DelegatingMethodAccessorImpl.invoke(DelegatingMethodAccessorImpl.java:43)
at java.base/java.lang.reflect.Method.invoke(Method.java:567)
at org.testng.internal.invokers.MethodInvocationHelper.invokeMethod(MethodInvocationHelper.java:141)
at org.testng.internal.invokers.TestInvoker.invokeMethod(TestInvoker.java:686)
at org.testng.internal.invokers.TestInvoker.invokeTestMethod(TestInvoker.java:230)
at org.testng.internal.invokers.MethodRunner.runInSequence(MethodRunner.java:63)
at org.testng.internal.invokers.TestInvoker$MethodInvocationAgent.invoke(TestInvoker.java:992)
at org.testng.internal.invokers.TestInvoker.invokeTestMethods(TestInvoker.java:203)
at org.testng.internal.invokers.TestMethodWorker.invokeTestMethods(TestMethodWorker.java:154)
at org.testng.internal.invokers.TestMethodWorker.run(TestMethodWorker.java:134)
at java.base/java.util.ArrayList.forEach(ArrayList.java:1511)
at org.testng.TestRunner.privateRun(TestRunner.java:739)
at org.testng.TestRunner.run(TestRunner.java:614)
at org.testng.SuiteRunner.runTest(SuiteRunner.java:421)
at org.testng.SuiteRunner.runSequentially(SuiteRunner.java:413)
at org.testng.SuiteRunner.privateRun(SuiteRunner.java:373)
at org.testng.SuiteRunner.run(SuiteRunner.java:312)
at org.testng.SuiteRunnerWorker.runSuite(SuiteRunnerWorker.java:52)
at org.testng.SuiteRunnerWorker.run(SuiteRunnerWorker.java:95)
at org.testng.TestNG.runSuitesSequentially(TestNG.java:1274)
at org.testng.TestNG.runSuitesLocally(TestNG.java:1208)
at org.testng.TestNG.runSuites(TestNG.java:1112)
at org.testng.TestNG.run(TestNG.java:1079)
at org.apache.maven.surefire.testng.TestNGExecutor.run(TestNGExecutor.java:281)
at org.apache.maven.surefire.testng.TestNGXmlTestSuite.execute(TestNGXmlTestSuite.java:75)
at org.apache.maven.surefire.testng.TestNGProvider.invoke(TestNGProvider.java:121)
at org.apache.maven.surefire.booter.ForkedBooter.invokeProviderInSameClassLoader(ForkedBooter.java:290)
at org.apache.maven.surefire.booter.ForkedBooter.runSuitesInProcess(ForkedBooter.java:242)
at org.apache.maven.surefire.booter.ForkedBooter.main(ForkedBooter.java:121)
]]>
            </full-stacktrace>
          </exception> <!-- org.openqa.selenium.NoSuchElementException -->
          <reporter-output>
          </reporter-output>
        </test-method> <!-- verifyeditnewview -->
        <test-method is-config="true" signature="beforemethod()[pri:0, instance:com.training.testcase.AccountTest@611889f4]" started-at="2024-09-19T20:27:14 GMT-05:00" name="beforemethod" finished-at="2024-09-19T20:27:14 GMT-05:00" duration-ms="94" status="PASS">
          <reporter-output>
          </reporter-output>
        </test-method> <!-- beforemethod -->
        <test-method signature="verifylastactivity(java.lang.String,java.lang.String)[pri:0, instance:com.training.testcase.AccountTest@611889f4]" started-at="2024-09-19T20:27:14 GMT-05:00" name="verifylastactivity" finished-at="2024-09-19T20:27:23 GMT-05:00" duration-ms="9460" status="PASS">
          <params>
            <param index="0">
              <value>
                <![CDATA[preethi@rcb.com]]>
              </value>
            </param>
            <param index="1">
              <value>
                <![CDATA[Vik@s123]]>
              </value>
            </param>
          </params>
          <reporter-output>
          </reporter-output>
        </test-method> <!-- verifylastactivity -->
        <test-method is-config="true" signature="beforemethod()[pri:0, instance:com.training.testcase.AccountTest@611889f4]" started-at="2024-09-19T20:27:23 GMT-05:00" name="beforemethod" finished-at="2024-09-19T20:27:23 GMT-05:00" duration-ms="205" status="PASS">
          <reporter-output>
          </reporter-output>
        </test-method> <!-- beforemethod -->
        <test-method signature="verifymergeaccount(java.lang.String,java.lang.String)[pri:0, instance:com.training.testcase.AccountTest@611889f4]" started-at="2024-09-19T20:27:23 GMT-05:00" name="verifymergeaccount" finished-at="2024-09-19T20:27:32 GMT-05:00" duration-ms="8649" status="PASS">
          <params>
            <param index="0">
              <value>
                <![CDATA[preethi@rcb.com]]>
              </value>
            </param>
            <param index="1">
              <value>
                <![CDATA[Vik@s123]]>
              </value>
            </param>
          </params>
          <reporter-output>
          </reporter-output>
        </test-method> <!-- verifymergeaccount -->
      </class> <!-- com.training.testcase.AccountTest -->
    </test> <!-- Salesforce -->
  </suite> <!-- Automation (0) -->
</testng-results>
