<?xml version="1.0" encoding="UTF-8"?>
<testng-results ignored="0" total="5" passed="4" failed="1" skipped="0">
  <reporter-output>
  </reporter-output>
  <suite started-at="2024-09-16T10:53:08 GMT-05:00" name="Automation" finished-at="2024-09-16T10:53:38 GMT-05:00" duration-ms="29253">
    <groups>
    </groups>
    <test started-at="2024-09-16T10:53:08 GMT-05:00" name="Salesforce" finished-at="2024-09-16T10:53:38 GMT-05:00" duration-ms="29253">
      <class name="com.training.testcase.LoginTest">
        <test-method is-config="true" signature="beforemethod()[pri:0, instance:com.training.testcase.LoginTest@6404f418]" started-at="2024-09-16T10:53:08 GMT-05:00" name="beforemethod" finished-at="2024-09-16T10:53:12 GMT-05:00" duration-ms="4063" status="PASS">
          <reporter-output>
          </reporter-output>
        </test-method> <!-- beforemethod -->
        <test-method signature="Testforgetpassword()[pri:0, instance:com.training.testcase.LoginTest@6404f418]" started-at="2024-09-16T10:53:12 GMT-05:00" name="Testforgetpassword" finished-at="2024-09-16T10:53:13 GMT-05:00" duration-ms="932" status="PASS">
          <reporter-output>
          </reporter-output>
        </test-method> <!-- Testforgetpassword -->
        <test-method is-config="true" signature="teardown()[pri:0, instance:com.training.testcase.LoginTest@6404f418]" started-at="2024-09-16T10:53:13 GMT-05:00" name="teardown" finished-at="2024-09-16T10:53:14 GMT-05:00" duration-ms="306" status="PASS">
          <reporter-output>
          </reporter-output>
        </test-method> <!-- teardown -->
        <test-method is-config="true" signature="beforemethod()[pri:0, instance:com.training.testcase.LoginTest@6404f418]" started-at="2024-09-16T10:53:14 GMT-05:00" name="beforemethod" finished-at="2024-09-16T10:53:15 GMT-05:00" duration-ms="1284" status="PASS">
          <reporter-output>
          </reporter-output>
        </test-method> <!-- beforemethod -->
        <test-method signature="validateloginerror()[pri:0, instance:com.training.testcase.LoginTest@6404f418]" started-at="2024-09-16T10:53:15 GMT-05:00" name="validateloginerror" finished-at="2024-09-16T10:53:17 GMT-05:00" duration-ms="1577" status="PASS">
          <reporter-output>
          </reporter-output>
        </test-method> <!-- validateloginerror -->
        <test-method is-config="true" signature="teardown()[pri:0, instance:com.training.testcase.LoginTest@6404f418]" started-at="2024-09-16T10:53:17 GMT-05:00" name="teardown" finished-at="2024-09-16T10:53:17 GMT-05:00" duration-ms="371" status="PASS">
          <reporter-output>
          </reporter-output>
        </test-method> <!-- teardown -->
        <test-method is-config="true" signature="beforemethod()[pri:0, instance:com.training.testcase.LoginTest@6404f418]" started-at="2024-09-16T10:53:17 GMT-05:00" name="beforemethod" finished-at="2024-09-16T10:53:18 GMT-05:00" duration-ms="1298" status="PASS">
          <reporter-output>
          </reporter-output>
        </test-method> <!-- beforemethod -->
        <test-method signature="verifyLoginError(java.lang.String)[pri:0, instance:com.training.testcase.LoginTest@6404f418]" started-at="2024-09-16T10:53:18 GMT-05:00" name="verifyLoginError" finished-at="2024-09-16T10:53:20 GMT-05:00" duration-ms="2054" status="FAIL">
          <params>
            <param index="0">
              <value>
                <![CDATA[preethi@rcb.com]]>
              </value>
            </param>
          </params>
          <exception class="java.lang.AssertionError">
            <message>
              <![CDATA[expected [Please enter your passwords.] but found [Please enter your password.]]]>
            </message>
            <full-stacktrace>
              <![CDATA[java.lang.AssertionError: expected [Please enter your passwords.] but found [Please enter your password.]
at org.testng.Assert.fail(Assert.java:99)
at org.testng.Assert.failNotEquals(Assert.java:1037)
at org.testng.Assert.assertEqualsImpl(Assert.java:140)
at org.testng.Assert.assertEquals(Assert.java:122)
at org.testng.Assert.assertEquals(Assert.java:629)
at org.testng.Assert.assertEquals(Assert.java:639)
at com.training.pages.LoginPage.error(LoginPage.java:85)
at com.training.testcase.LoginTest.verifyLoginError(LoginTest.java:37)
at java.base/jdk.internal.reflect.NativeMethodAccessorImpl.invoke0(Native Method)
at java.base/jdk.internal.reflect.NativeMethodAccessorImpl.invoke(NativeMethodAccessorImpl.java:78)
at java.base/jdk.internal.reflect.DelegatingMethodAccessorImpl.invoke(DelegatingMethodAccessorImpl.java:43)
at java.base/java.lang.reflect.Method.invoke(Method.java:567)
at org.testng.internal.MethodInvocationHelper.invokeMethod(MethodInvocationHelper.java:133)
at org.testng.internal.TestInvoker.invokeMethod(TestInvoker.java:598)
at org.testng.internal.TestInvoker.invokeTestMethod(TestInvoker.java:173)
at org.testng.internal.MethodRunner.runInSequence(MethodRunner.java:46)
at org.testng.internal.TestInvoker$MethodInvocationAgent.invoke(TestInvoker.java:824)
at org.testng.internal.TestInvoker.invokeTestMethods(TestInvoker.java:146)
at org.testng.internal.TestMethodWorker.invokeTestMethods(TestMethodWorker.java:146)
at org.testng.internal.TestMethodWorker.run(TestMethodWorker.java:128)
at java.base/java.util.ArrayList.forEach(ArrayList.java:1511)
at org.testng.TestRunner.privateRun(TestRunner.java:794)
at org.testng.TestRunner.run(TestRunner.java:596)
at org.testng.SuiteRunner.runTest(SuiteRunner.java:377)
at org.testng.SuiteRunner.runSequentially(SuiteRunner.java:371)
at org.testng.SuiteRunner.privateRun(SuiteRunner.java:332)
at org.testng.SuiteRunner.run(SuiteRunner.java:276)
at org.testng.SuiteRunnerWorker.runSuite(SuiteRunnerWorker.java:53)
at org.testng.SuiteRunnerWorker.run(SuiteRunnerWorker.java:96)
at org.testng.TestNG.runSuitesSequentially(TestNG.java:1212)
at org.testng.TestNG.runSuitesLocally(TestNG.java:1134)
at org.testng.TestNG.runSuites(TestNG.java:1063)
at org.testng.TestNG.run(TestNG.java:1031)
at org.testng.remote.AbstractRemoteTestNG.run(AbstractRemoteTestNG.java:115)
at org.testng.remote.RemoteTestNG.initAndRun(RemoteTestNG.java:293)
at org.testng.remote.RemoteTestNG.main(RemoteTestNG.java:91)
]]>
            </full-stacktrace>
          </exception> <!-- java.lang.AssertionError -->
          <reporter-output>
          </reporter-output>
        </test-method> <!-- verifyLoginError -->
        <test-method is-config="true" signature="teardown()[pri:0, instance:com.training.testcase.LoginTest@6404f418]" started-at="2024-09-16T10:53:20 GMT-05:00" name="teardown" finished-at="2024-09-16T10:53:21 GMT-05:00" duration-ms="408" status="PASS">
          <reporter-output>
          </reporter-output>
        </test-method> <!-- teardown -->
        <test-method is-config="true" signature="beforemethod()[pri:0, instance:com.training.testcase.LoginTest@6404f418]" started-at="2024-09-16T10:53:21 GMT-05:00" name="beforemethod" finished-at="2024-09-16T10:53:22 GMT-05:00" duration-ms="1227" status="PASS">
          <reporter-output>
          </reporter-output>
        </test-method> <!-- beforemethod -->
        <test-method signature="verifylogintosaleforce(java.lang.String,java.lang.String)[pri:0, instance:com.training.testcase.LoginTest@6404f418]" started-at="2024-09-16T10:53:22 GMT-05:00" name="verifylogintosaleforce" finished-at="2024-09-16T10:53:26 GMT-05:00" duration-ms="3711" status="PASS">
          <params>
            <param index="0">
              <value>
                <![CDATA[preethi@rcb.com]]>
              </value>
            </param>
            <param index="1">
              <value>
                <![CDATA[Vik@s123]]>
              </value>
            </param>
          </params>
          <reporter-output>
          </reporter-output>
        </test-method> <!-- verifylogintosaleforce -->
        <test-method is-config="true" signature="teardown()[pri:0, instance:com.training.testcase.LoginTest@6404f418]" started-at="2024-09-16T10:53:26 GMT-05:00" name="teardown" finished-at="2024-09-16T10:53:29 GMT-05:00" duration-ms="3497" status="PASS">
          <reporter-output>
          </reporter-output>
        </test-method> <!-- teardown -->
        <test-method is-config="true" signature="beforemethod()[pri:0, instance:com.training.testcase.LoginTest@6404f418]" started-at="2024-09-16T10:53:29 GMT-05:00" name="beforemethod" finished-at="2024-09-16T10:53:30 GMT-05:00" duration-ms="1328" status="PASS">
          <reporter-output>
          </reporter-output>
        </test-method> <!-- beforemethod -->
        <test-method signature="verifyrememberuser(java.lang.String,java.lang.String)[pri:0, instance:com.training.testcase.LoginTest@6404f418]" started-at="2024-09-16T10:53:30 GMT-05:00" name="verifyrememberuser" finished-at="2024-09-16T10:53:37 GMT-05:00" duration-ms="6876" status="PASS">
          <params>
            <param index="0">
              <value>
                <![CDATA[preethi@rcb.com]]>
              </value>
            </param>
            <param index="1">
              <value>
                <![CDATA[Vik@s123]]>
              </value>
            </param>
          </params>
          <reporter-output>
          </reporter-output>
        </test-method> <!-- verifyrememberuser -->
        <test-method is-config="true" signature="teardown()[pri:0, instance:com.training.testcase.LoginTest@6404f418]" started-at="2024-09-16T10:53:37 GMT-05:00" name="teardown" finished-at="2024-09-16T10:53:38 GMT-05:00" duration-ms="246" status="PASS">
          <reporter-output>
          </reporter-output>
        </test-method> <!-- teardown -->
      </class> <!-- com.training.testcase.LoginTest -->
    </test> <!-- Salesforce -->
  </suite> <!-- Automation -->
</testng-results>
